$ next build
⚠ Warning: Next.js inferred your workspace root, but it may not be correct.
 We detected multiple lockfiles and selected the directory of /Users/ajmaljs/Developer/Square/bun.lock as the root directory.
 To silence this warning, set `turbopack.root` in your Next.js config, or consider removing one of the lockfiles if it's not needed.
   See https://nextjs.org/docs/app/api-reference/config/next-config-js/turbopack#root-directory for more information.
 Detected additional lockfiles: 
   * /Users/ajmaljs/Developer/Square/apps/admin/package-lock.json

▲ Next.js 16.1.1 (Turbopack)
- Environments: .env

  Creating an optimized production build ...
✓ Compiled successfully in 25.2s
  Running TypeScript ...
  Collecting page data using 9 workers ...
  Generating static pages using 9 workers (0/9) ...
  Generating static pages using 9 workers (2/9) 
  Generating static pages using 9 workers (4/9) 
  Generating static pages using 9 workers (6/9) 
✓ Generating static pages using 9 workers (9/9) in 535.3ms
  Finalizing page optimization ...

Route (app)
┌ ○ /
├ ○ /_not-found
├ ƒ /api/logout
├ ƒ /api/profile
├ ○ /session/access
├ ○ /session/new
└ ○ /session/verify


ƒ Proxy (Middleware)

○  (Static)   prerendered as static content
ƒ  (Dynamic)  server-rendered on demand

